=================
Quad Order -p=4
=================

geom1
       M=10      M=20     M=40      M=80    M=160    M=320    M=640    M=1280
N=10   0.36236  0.32901  0.27542  0.22606  0.21290  0.20513  0.20154  0.20144
N=20   0.29783  0.25427  0.17774  0.12001  0.10330  0.09626  0.09341  0.09118
N=40   0.28079  0.23610  0.14971  0.08064  0.05908  0.05091  0.04777  0.04627
N=80   0.29260  0.23181  0.14119  0.06627  0.04065  0.02954  0.02562  0.02420
N=160  0.32414  0.24437  0.15655  0.06373  0.03354  0.01998  0.01502  0.01311

geom2 -p=4
       M=10      M=20     M=40      M=80    M=160    M=320    M=640    M=1280
N=10   1.80658  0.97702  0.83796  0.78512  0.75995  0.69409  0.60469  0.54958
N=20   5.73074  0.91448  0.65635  0.34908  0.33160  0.34573  0.33506  0.30017
N=40   *******  0.9516   0.88330  0.47477  0.18270  0.10383  0.14170  0.15213
N=80   *******  *******  0.92062  0.59744  0.35157  0.17289  0.06272  0.04972
N=160  *******  *******  *******  *******  0.37145  0.24373  0.14263  0.07180


geom2 -p=6
       M=10      M=20     M=40      M=80    M=160    M=320    M=640    M=1280
N=10   1.80218  0.97917  0.83931  0.78284  0.74837  0.70532  0.66997  0.62064
N=20   6.22228  0.91415  0.65493  0.34885  0.32996  0.34608  0.33162  0.30676
N=40   3089.79  0.97190  0.88746  0.47609  0.18294  0.10426  0.14239  0.15189
N=80   ******   13.9612  0.90380  0.59329  0.35641  0.17262  0.06199  0.04972
N=160  *****    *****    *****    0.51388  0.36131  0.24019  0.14461



geom3 -p=4
       M=10      M=20     M=40      M=80    M=160    M=320    M=640    M=1280
N=10  0.62914  0.57198   0.53127  0.53598  0.54625  0.54847  0.55343  0.56523
N=20  0.65666  0.47844   0.36627  0.31805  0.31508  0.31981  0.32276  0.32122
N=40  *******  0.53309   0.27610  0.18634  0.16427  0.16442  0.16756  0.16933
N=80  *******  *******   0.55943  0.20026  0.12267  0.08924  0.08341  0.08542
N=160 *******  *******   *******  0.82204  0.22876  0.10983  0.06783  0.04716


geom3 -p=6
       M=10      M=20     M=40      M=80    M=160    M=320    M=640    M=1280
N=10   0.61798  0.57371  0.53084  0.53451  0.54519  0.55592  0.56397  0.56598
N=20   0.63946  0.48216  0.36615  0.31812  0.31545  0.31938  0.32238  0.32498
N=40   5.42972  0.53286  0.27302  0.18653  0.16447  0.16466  0.16765  0.16906
N=80   *****    16.7322  0.46504  0.20098  0.12080  0.08928  0.08351  0.08544
N=160  *****    *****    484.759  0.44416  0.18273  0.10549  0.06601



















